<?xml version="1.0" encoding="UTF-8"?>
<!-- Generated by org.testng.reporters.JUnitReportReporter -->
<testsuite hostname="DEEEPGRAPGY" failures="0" tests="7" name="com.sgtestiing.basicscenarios.Basicscenario1Demo" time="41.080" errors="0" timestamp="2022-06-09T21:28:48 IST" skipped="0">
  <testcase classname="com.sgtestiing.basicscenarios.Basicscenario1Demo" name="launchbrowser" time="2.011"/>
  <system-out/>
  <testcase classname="com.sgtestiing.basicscenarios.Basicscenario1Demo" name="navigate" time="5.865"/>
  <system-out/>
  <testcase classname="com.sgtestiing.basicscenarios.Basicscenario1Demo" name="login" time="7.377"/>
  <system-out/>
  <testcase classname="com.sgtestiing.basicscenarios.Basicscenario1Demo" name="createuser" time="18.792"/>
  <system-out/>
  <testcase classname="com.sgtestiing.basicscenarios.Basicscenario1Demo" name="deleteuser" time="4.272"/>
  <system-out/>
  <testcase classname="com.sgtestiing.basicscenarios.Basicscenario1Demo" name="logout" time="2.311"/>
  <system-out/>
  <testcase classname="com.sgtestiing.basicscenarios.Basicscenario1Demo" name="closeapplication" time="0.452"/>
  <system-out/>
</testsuite> <!-- com.sgtestiing.basicscenarios.Basicscenario1Demo -->
