<?xml version="1.0" encoding="UTF-8"?>
<!-- Generated by org.testng.reporters.JUnitReportReporter -->
<testsuite hostname="DEEEPGRAPGY" failures="0" tests="9" name="com.sgtestiing.basicscenarios.BasicScenario5DemoTestNG" time="48.743" errors="0" timestamp="2022-06-10T16:10:35 IST" skipped="0">
  <testcase classname="com.sgtestiing.basicscenarios.BasicScenario5DemoTestNG" name="launchbroswer" time="2.302"/>
  <system-out/>
  <testcase classname="com.sgtestiing.basicscenarios.BasicScenario5DemoTestNG" name="deletecustomer" time="7.593"/>
  <system-out/>
  <testcase classname="com.sgtestiing.basicscenarios.BasicScenario5DemoTestNG" name="logout" time="3.349"/>
  <system-out/>
  <testcase classname="com.sgtestiing.basicscenarios.BasicScenario5DemoTestNG" name="closeapplication" time="0.574"/>
  <system-out/>
  <testcase classname="com.sgtestiing.basicscenarios.BasicScenario5DemoTestNG" name="navigate" time="4.634"/>
  <system-out/>
  <testcase classname="com.sgtestiing.basicscenarios.BasicScenario5DemoTestNG" name="Createproject" time="8.711"/>
  <system-out/>
  <testcase classname="com.sgtestiing.basicscenarios.BasicScenario5DemoTestNG" name="DeleteProject" time="6.516"/>
  <system-out/>
  <testcase classname="com.sgtestiing.basicscenarios.BasicScenario5DemoTestNG" name="createcustomer" time="9.726"/>
  <system-out/>
  <testcase classname="com.sgtestiing.basicscenarios.BasicScenario5DemoTestNG" name="login" time="5.338"/>
  <system-out/>
</testsuite> <!-- com.sgtestiing.basicscenarios.BasicScenario5DemoTestNG -->
