<?xml version="1.0" encoding="UTF-8"?>
<!-- Generated by org.testng.reporters.JUnitReportReporter -->
<testsuite hostname="DEEEPGRAPGY" failures="0" tests="10" name="com.sgtestiing.basicscenarios.BasicScenario6DemoTestNG" time="56.904" errors="0" timestamp="2022-06-10T16:10:36 IST" skipped="0">
  <testcase classname="com.sgtestiing.basicscenarios.BasicScenario6DemoTestNG" name="launchbroswer" time="1.402"/>
  <system-out/>
  <testcase classname="com.sgtestiing.basicscenarios.BasicScenario6DemoTestNG" name="navigate" time="4.164"/>
  <system-out/>
  <testcase classname="com.sgtestiing.basicscenarios.BasicScenario6DemoTestNG" name="Login" time="5.341"/>
  <system-out/>
  <testcase classname="com.sgtestiing.basicscenarios.BasicScenario6DemoTestNG" name="createcustomer" time="9.490"/>
  <system-out/>
  <testcase classname="com.sgtestiing.basicscenarios.BasicScenario6DemoTestNG" name="Createproject" time="8.710"/>
  <system-out/>
  <testcase classname="com.sgtestiing.basicscenarios.BasicScenario6DemoTestNG" name="modifyProject" time="7.754"/>
  <system-out/>
  <testcase classname="com.sgtestiing.basicscenarios.BasicScenario6DemoTestNG" name="DeleteProject" time="7.540"/>
  <system-out/>
  <testcase classname="com.sgtestiing.basicscenarios.BasicScenario6DemoTestNG" name="deletecustomer" time="7.468"/>
  <system-out/>
  <testcase classname="com.sgtestiing.basicscenarios.BasicScenario6DemoTestNG" name="logout" time="4.464"/>
  <system-out/>
  <testcase classname="com.sgtestiing.basicscenarios.BasicScenario6DemoTestNG" name="closeapplication" time="0.571"/>
  <system-out/>
</testsuite> <!-- com.sgtestiing.basicscenarios.BasicScenario6DemoTestNG -->
