<?xml version="1.0" encoding="UTF-8"?>
<!-- Generated by org.testng.reporters.JUnitReportReporter -->
<testsuite hostname="DEEEPGRAPGY" failures="0" tests="8" name="com.sgtestiing.basicscenarios.BasicScenario4DemoTestNG" time="39.891" errors="0" timestamp="2022-06-10T16:10:36 IST" skipped="0">
  <testcase classname="com.sgtestiing.basicscenarios.BasicScenario4DemoTestNG" name="login" time="5.706"/>
  <system-out/>
  <testcase classname="com.sgtestiing.basicscenarios.BasicScenario4DemoTestNG" name="deletecustomer" time="7.522"/>
  <system-out/>
  <testcase classname="com.sgtestiing.basicscenarios.BasicScenario4DemoTestNG" name="logout" time="3.518"/>
  <system-out/>
  <testcase classname="com.sgtestiing.basicscenarios.BasicScenario4DemoTestNG" name="launchbroswer" time="1.313"/>
  <system-out/>
  <testcase classname="com.sgtestiing.basicscenarios.BasicScenario4DemoTestNG" name="modifycustomer" time="6.576"/>
  <system-out/>
  <testcase classname="com.sgtestiing.basicscenarios.BasicScenario4DemoTestNG" name="navigate" time="4.165"/>
  <system-out/>
  <testcase classname="com.sgtestiing.basicscenarios.BasicScenario4DemoTestNG" name="closeapplication" time="0.547"/>
  <system-out/>
  <testcase classname="com.sgtestiing.basicscenarios.BasicScenario4DemoTestNG" name="createcustomer" time="10.544"/>
  <system-out/>
</testsuite> <!-- com.sgtestiing.basicscenarios.BasicScenario4DemoTestNG -->
