<?xml version="1.0" encoding="UTF-8"?>
<!-- Generated by org.testng.reporters.JUnitReportReporter -->
<testsuite hostname="DEEEPGRAPGY" failures="0" tests="36" name="com.sgtesting.advancescenario.AdvanceScenario2DemoTestNG" time="201.722" errors="0" timestamp="2022-06-10T16:10:36 IST" skipped="0">
  <testcase classname="com.sgtesting.advancescenario.AdvanceScenario2DemoTestNG" name="launchbrowser" time="1.242"/>
  <system-out/>
  <testcase classname="com.sgtesting.advancescenario.AdvanceScenario2DemoTestNG" name="navigate" time="5.137"/>
  <system-out/>
  <testcase classname="com.sgtesting.advancescenario.AdvanceScenario2DemoTestNG" name="Login" time="5.392"/>
  <system-out/>
  <testcase classname="com.sgtesting.advancescenario.AdvanceScenario2DemoTestNG" name="createuser1" time="13.432"/>
  <system-out/>
  <testcase classname="com.sgtesting.advancescenario.AdvanceScenario2DemoTestNG" name="logout1" time="3.384"/>
  <system-out/>
  <testcase classname="com.sgtesting.advancescenario.AdvanceScenario2DemoTestNG" name="Loginuser1" time="7.773"/>
  <system-out/>
  <testcase classname="com.sgtesting.advancescenario.AdvanceScenario2DemoTestNG" name="createuser2" time="12.908"/>
  <system-out/>
  <testcase classname="com.sgtesting.advancescenario.AdvanceScenario2DemoTestNG" name="logout2" time="3.340"/>
  <system-out/>
  <testcase classname="com.sgtesting.advancescenario.AdvanceScenario2DemoTestNG" name="Loginuser2" time="7.187"/>
  <system-out/>
  <testcase classname="com.sgtesting.advancescenario.AdvanceScenario2DemoTestNG" name="createuser3" time="12.745"/>
  <system-out/>
  <testcase classname="com.sgtesting.advancescenario.AdvanceScenario2DemoTestNG" name="logout3" time="3.364"/>
  <system-out/>
  <testcase classname="com.sgtesting.advancescenario.AdvanceScenario2DemoTestNG" name="Loginuser3" time="7.013"/>
  <system-out/>
  <testcase classname="com.sgtesting.advancescenario.AdvanceScenario2DemoTestNG" name="logout4" time="3.283"/>
  <system-out/>
  <testcase classname="com.sgtesting.advancescenario.AdvanceScenario2DemoTestNG" name="Loginuser22" time="5.323"/>
  <system-out/>
  <testcase classname="com.sgtesting.advancescenario.AdvanceScenario2DemoTestNG" name="modifyuser3" time="8.338"/>
  <system-out/>
  <testcase classname="com.sgtesting.advancescenario.AdvanceScenario2DemoTestNG" name="logout5" time="3.325"/>
  <system-out/>
  <testcase classname="com.sgtesting.advancescenario.AdvanceScenario2DemoTestNG" name="Loginuser33" time="5.384"/>
  <system-out/>
  <testcase classname="com.sgtesting.advancescenario.AdvanceScenario2DemoTestNG" name="logout6" time="3.368"/>
  <system-out/>
  <testcase classname="com.sgtesting.advancescenario.AdvanceScenario2DemoTestNG" name="Loginuser11" time="5.389"/>
  <system-out/>
  <testcase classname="com.sgtesting.advancescenario.AdvanceScenario2DemoTestNG" name="modifyuser2" time="8.340"/>
  <system-out/>
  <testcase classname="com.sgtesting.advancescenario.AdvanceScenario2DemoTestNG" name="logout7" time="3.342"/>
  <system-out/>
  <testcase classname="com.sgtesting.advancescenario.AdvanceScenario2DemoTestNG" name="Loginuser222" time="5.338"/>
  <system-out/>
  <testcase classname="com.sgtesting.advancescenario.AdvanceScenario2DemoTestNG" name="logout11" time="3.354"/>
  <system-out/>
  <testcase classname="com.sgtesting.advancescenario.AdvanceScenario2DemoTestNG" name="Login1" time="5.354"/>
  <system-out/>
  <testcase classname="com.sgtesting.advancescenario.AdvanceScenario2DemoTestNG" name="modifyuser1" time="8.261"/>
  <system-out/>
  <testcase classname="com.sgtesting.advancescenario.AdvanceScenario2DemoTestNG" name="logout8" time="3.328"/>
  <system-out/>
  <testcase classname="com.sgtesting.advancescenario.AdvanceScenario2DemoTestNG" name="Loginuser111" time="5.342"/>
  <system-out/>
  <testcase classname="com.sgtesting.advancescenario.AdvanceScenario2DemoTestNG" name="logout12" time="3.339"/>
  <system-out/>
  <testcase classname="com.sgtesting.advancescenario.AdvanceScenario2DemoTestNG" name="Loginuser1111" time="5.376"/>
  <system-out/>
  <testcase classname="com.sgtesting.advancescenario.AdvanceScenario2DemoTestNG" name="Deleteuser2" time="6.982"/>
  <system-out/>
  <testcase classname="com.sgtesting.advancescenario.AdvanceScenario2DemoTestNG" name="Deleteuser3" time="6.306"/>
  <system-out/>
  <testcase classname="com.sgtesting.advancescenario.AdvanceScenario2DemoTestNG" name="logout9" time="3.348"/>
  <system-out/>
  <testcase classname="com.sgtesting.advancescenario.AdvanceScenario2DemoTestNG" name="Login2" time="5.395"/>
  <system-out/>
  <testcase classname="com.sgtesting.advancescenario.AdvanceScenario2DemoTestNG" name="Deleteuser1" time="6.921"/>
  <system-out/>
  <testcase classname="com.sgtesting.advancescenario.AdvanceScenario2DemoTestNG" name="logout10" time="3.364"/>
  <system-out/>
  <testcase classname="com.sgtesting.advancescenario.AdvanceScenario2DemoTestNG" name="closeapp" time="0.705"/>
  <system-out/>
</testsuite> <!-- com.sgtesting.advancescenario.AdvanceScenario2DemoTestNG -->
