<?xml version="1.0" encoding="UTF-8"?>
<!-- Generated by org.testng.reporters.JUnitReportReporter -->
<testsuite hostname="DEEEPGRAPGY" failures="0" tests="11" name="com.sgtestiing.basicscenarios.BasicScenario7DemoTestNG" time="61.917" errors="0" timestamp="2022-06-10T16:10:36 IST" skipped="0">
  <testcase classname="com.sgtestiing.basicscenarios.BasicScenario7DemoTestNG" name="launchbroswer" time="1.245"/>
  <system-out/>
  <testcase classname="com.sgtestiing.basicscenarios.BasicScenario7DemoTestNG" name="navigate" time="4.114"/>
  <system-out/>
  <testcase classname="com.sgtestiing.basicscenarios.BasicScenario7DemoTestNG" name="Login" time="5.341"/>
  <system-out/>
  <testcase classname="com.sgtestiing.basicscenarios.BasicScenario7DemoTestNG" name="createcustomer" time="9.478"/>
  <system-out/>
  <testcase classname="com.sgtestiing.basicscenarios.BasicScenario7DemoTestNG" name="Createproject" time="8.681"/>
  <system-out/>
  <testcase classname="com.sgtestiing.basicscenarios.BasicScenario7DemoTestNG" name="addtask" time="7.681"/>
  <system-out/>
  <testcase classname="com.sgtestiing.basicscenarios.BasicScenario7DemoTestNG" name="deletetask" time="5.306"/>
  <system-out/>
  <testcase classname="com.sgtestiing.basicscenarios.BasicScenario7DemoTestNG" name="DeleteProject" time="7.551"/>
  <system-out/>
  <testcase classname="com.sgtestiing.basicscenarios.BasicScenario7DemoTestNG" name="deletecustomer" time="7.518"/>
  <system-out/>
  <testcase classname="com.sgtestiing.basicscenarios.BasicScenario7DemoTestNG" name="logout" time="4.431"/>
  <system-out/>
  <testcase classname="com.sgtestiing.basicscenarios.BasicScenario7DemoTestNG" name="closeapplication" time="0.571"/>
  <system-out/>
</testsuite> <!-- com.sgtestiing.basicscenarios.BasicScenario7DemoTestNG -->
