<?xml version="1.0" encoding="UTF-8"?>
<!-- Generated by org.testng.reporters.JUnitReportReporter -->
<testsuite hostname="DEEEPGRAPGY" failures="0" tests="30" name="com.sgtesting.advancescenario.AdvanceScenario1DemoTestNG" time="171.607" errors="0" timestamp="2022-06-10T16:10:36 IST" skipped="0">
  <testcase classname="com.sgtesting.advancescenario.AdvanceScenario1DemoTestNG" name="launchbrowser" time="1.346"/>
  <system-out/>
  <testcase classname="com.sgtesting.advancescenario.AdvanceScenario1DemoTestNG" name="navigate" time="4.231"/>
  <system-out/>
  <testcase classname="com.sgtesting.advancescenario.AdvanceScenario1DemoTestNG" name="Login1" time="5.371"/>
  <system-out/>
  <testcase classname="com.sgtesting.advancescenario.AdvanceScenario1DemoTestNG" name="createuser1" time="13.293"/>
  <system-out/>
  <testcase classname="com.sgtesting.advancescenario.AdvanceScenario1DemoTestNG" name="createuser2" time="12.144"/>
  <system-out/>
  <testcase classname="com.sgtesting.advancescenario.AdvanceScenario1DemoTestNG" name="createuser3" time="12.169"/>
  <system-out/>
  <testcase classname="com.sgtesting.advancescenario.AdvanceScenario1DemoTestNG" name="logout1" time="3.362"/>
  <system-out/>
  <testcase classname="com.sgtesting.advancescenario.AdvanceScenario1DemoTestNG" name="Loginuser1" time="7.677"/>
  <system-out/>
  <testcase classname="com.sgtesting.advancescenario.AdvanceScenario1DemoTestNG" name="logoutuser1" time="3.325"/>
  <system-out/>
  <testcase classname="com.sgtesting.advancescenario.AdvanceScenario1DemoTestNG" name="Loginuser2" time="7.130"/>
  <system-out/>
  <testcase classname="com.sgtesting.advancescenario.AdvanceScenario1DemoTestNG" name="logoutuser2" time="3.377"/>
  <system-out/>
  <testcase classname="com.sgtesting.advancescenario.AdvanceScenario1DemoTestNG" name="Loginuser3" time="7.081"/>
  <system-out/>
  <testcase classname="com.sgtesting.advancescenario.AdvanceScenario1DemoTestNG" name="logoutuser3" time="3.316"/>
  <system-out/>
  <testcase classname="com.sgtesting.advancescenario.AdvanceScenario1DemoTestNG" name="Login" time="5.348"/>
  <system-out/>
  <testcase classname="com.sgtesting.advancescenario.AdvanceScenario1DemoTestNG" name="modifyuser1" time="8.593"/>
  <system-out/>
  <testcase classname="com.sgtesting.advancescenario.AdvanceScenario1DemoTestNG" name="modifyuser2" time="7.618"/>
  <system-out/>
  <testcase classname="com.sgtesting.advancescenario.AdvanceScenario1DemoTestNG" name="modifyuser3" time="7.589"/>
  <system-out/>
  <testcase classname="com.sgtesting.advancescenario.AdvanceScenario1DemoTestNG" name="logout2" time="3.348"/>
  <system-out/>
  <testcase classname="com.sgtesting.advancescenario.AdvanceScenario1DemoTestNG" name="Loginuser11" time="5.400"/>
  <system-out/>
  <testcase classname="com.sgtesting.advancescenario.AdvanceScenario1DemoTestNG" name="logoutuser11" time="3.407"/>
  <system-out/>
  <testcase classname="com.sgtesting.advancescenario.AdvanceScenario1DemoTestNG" name="Loginuser22" time="5.332"/>
  <system-out/>
  <testcase classname="com.sgtesting.advancescenario.AdvanceScenario1DemoTestNG" name="logoutuser22" time="3.404"/>
  <system-out/>
  <testcase classname="com.sgtesting.advancescenario.AdvanceScenario1DemoTestNG" name="Loginuser33" time="5.338"/>
  <system-out/>
  <testcase classname="com.sgtesting.advancescenario.AdvanceScenario1DemoTestNG" name="logoutuser33" time="3.366"/>
  <system-out/>
  <testcase classname="com.sgtesting.advancescenario.AdvanceScenario1DemoTestNG" name="Login3" time="5.315"/>
  <system-out/>
  <testcase classname="com.sgtesting.advancescenario.AdvanceScenario1DemoTestNG" name="Deleteuser1" time="7.043"/>
  <system-out/>
  <testcase classname="com.sgtesting.advancescenario.AdvanceScenario1DemoTestNG" name="Deleteuser2" time="6.294"/>
  <system-out/>
  <testcase classname="com.sgtesting.advancescenario.AdvanceScenario1DemoTestNG" name="Deleteuser3" time="6.348"/>
  <system-out/>
  <testcase classname="com.sgtesting.advancescenario.AdvanceScenario1DemoTestNG" name="logout3" time="3.380"/>
  <system-out/>
  <testcase classname="com.sgtesting.advancescenario.AdvanceScenario1DemoTestNG" name="closeapplication" time="0.662"/>
  <system-out/>
</testsuite> <!-- com.sgtesting.advancescenario.AdvanceScenario1DemoTestNG -->
