<?xml version="1.0" encoding="UTF-8"?>
<!-- Generated by org.testng.reporters.JUnitReportReporter -->
<testsuite hostname="DEEEPGRAPGY" failures="0" tests="7" name="com.sgtestiing.basicscenarios.Basicscenario1DemoTestNG" time="41.769" errors="0" timestamp="2022-06-11T20:11:14 IST" skipped="0">
  <testcase classname="com.sgtestiing.basicscenarios.Basicscenario1DemoTestNG" name="launchbrowser" time="3.161"/>
  <system-out/>
  <testcase classname="com.sgtestiing.basicscenarios.Basicscenario1DemoTestNG" name="navigate" time="5.232"/>
  <system-out/>
  <testcase classname="com.sgtestiing.basicscenarios.Basicscenario1DemoTestNG" name="login" time="5.285"/>
  <system-out/>
  <testcase classname="com.sgtestiing.basicscenarios.Basicscenario1DemoTestNG" name="createuser" time="17.814"/>
  <system-out/>
  <testcase classname="com.sgtestiing.basicscenarios.Basicscenario1DemoTestNG" name="deleteuser" time="5.252"/>
  <system-out/>
  <testcase classname="com.sgtestiing.basicscenarios.Basicscenario1DemoTestNG" name="logout" time="4.523"/>
  <system-out/>
  <testcase classname="com.sgtestiing.basicscenarios.Basicscenario1DemoTestNG" name="closeapplication" time="0.502"/>
  <system-out/>
</testsuite> <!-- com.sgtestiing.basicscenarios.Basicscenario1DemoTestNG -->
