<?xml version="1.0" encoding="UTF-8"?>
<!-- Generated by org.testng.reporters.JUnitReportReporter -->
<testsuite hostname="DEEEPGRAPGY" failures="0" tests="8" name="com.sgtestiing.basicscenarios.BasicScenario2Demo" time="36.560" errors="0" timestamp="2022-06-09T21:28:48 IST" skipped="0">
  <testcase classname="com.sgtestiing.basicscenarios.BasicScenario2Demo" name="launchbrowser" time="1.104"/>
  <system-out/>
  <testcase classname="com.sgtestiing.basicscenarios.BasicScenario2Demo" name="navigate" time="1.871"/>
  <system-out/>
  <testcase classname="com.sgtestiing.basicscenarios.BasicScenario2Demo" name="login" time="3.224"/>
  <system-out/>
  <testcase classname="com.sgtestiing.basicscenarios.BasicScenario2Demo" name="createuser" time="18.915"/>
  <system-out/>
  <testcase classname="com.sgtestiing.basicscenarios.BasicScenario2Demo" name="modify" time="4.372"/>
  <system-out/>
  <testcase classname="com.sgtestiing.basicscenarios.BasicScenario2Demo" name="deleteuser" time="4.280"/>
  <system-out/>
  <testcase classname="com.sgtestiing.basicscenarios.BasicScenario2Demo" name="Logout" time="2.338"/>
  <system-out/>
  <testcase classname="com.sgtestiing.basicscenarios.BasicScenario2Demo" name="closeapplication" time="0.456"/>
  <system-out/>
</testsuite> <!-- com.sgtestiing.basicscenarios.BasicScenario2Demo -->
