<?xml version="1.0" encoding="UTF-8"?>
<!-- Generated by org.testng.reporters.JUnitReportReporter -->
<testsuite hostname="DEEEPGRAPGY" failures="0" tests="7" name="com.sgtestiing.basicscenarios.BasicScenario3DemoTestNG" time="34.988" errors="0" timestamp="2022-06-10T16:10:36 IST" skipped="0">
  <testcase classname="com.sgtestiing.basicscenarios.BasicScenario3DemoTestNG" name="launchbroswer" time="3.101"/>
  <system-out/>
  <testcase classname="com.sgtestiing.basicscenarios.BasicScenario3DemoTestNG" name="navigate" time="4.332"/>
  <system-out/>
  <testcase classname="com.sgtestiing.basicscenarios.BasicScenario3DemoTestNG" name="login" time="5.378"/>
  <system-out/>
  <testcase classname="com.sgtestiing.basicscenarios.BasicScenario3DemoTestNG" name="createcustomer" time="9.754"/>
  <system-out/>
  <testcase classname="com.sgtestiing.basicscenarios.BasicScenario3DemoTestNG" name="deletecustomer" time="7.446"/>
  <system-out/>
  <testcase classname="com.sgtestiing.basicscenarios.BasicScenario3DemoTestNG" name="logout" time="4.376"/>
  <system-out/>
  <testcase classname="com.sgtestiing.basicscenarios.BasicScenario3DemoTestNG" name="closeapplication" time="0.601"/>
  <system-out/>
</testsuite> <!-- com.sgtestiing.basicscenarios.BasicScenario3DemoTestNG -->
