<?xml version="1.0" encoding="UTF-8"?>
<!-- Generated by org.testng.reporters.JUnitReportReporter -->
<testsuite hostname="DEEEPGRAPGY" failures="0" tests="8" name="com.sgtestiing.basicscenarios.BasicScenario2DemoTestNG" time="46.339" errors="0" timestamp="2022-06-10T16:10:36 IST" skipped="0">
  <testcase classname="com.sgtestiing.basicscenarios.BasicScenario2DemoTestNG" name="launchbrowser" time="1.510"/>
  <system-out/>
  <testcase classname="com.sgtestiing.basicscenarios.BasicScenario2DemoTestNG" name="navigate" time="4.170"/>
  <system-out/>
  <testcase classname="com.sgtestiing.basicscenarios.BasicScenario2DemoTestNG" name="login" time="5.493"/>
  <system-out/>
  <testcase classname="com.sgtestiing.basicscenarios.BasicScenario2DemoTestNG" name="createuser" time="19.373"/>
  <system-out/>
  <testcase classname="com.sgtestiing.basicscenarios.BasicScenario2DemoTestNG" name="modify" time="6.474"/>
  <system-out/>
  <testcase classname="com.sgtestiing.basicscenarios.BasicScenario2DemoTestNG" name="deleteuser" time="4.265"/>
  <system-out/>
  <testcase classname="com.sgtestiing.basicscenarios.BasicScenario2DemoTestNG" name="Logout" time="4.394"/>
  <system-out/>
  <testcase classname="com.sgtestiing.basicscenarios.BasicScenario2DemoTestNG" name="closeapplication" time="0.660"/>
  <system-out/>
</testsuite> <!-- com.sgtestiing.basicscenarios.BasicScenario2DemoTestNG -->
